[14:29:13.909] Global cache location '/home/julio/.cache/typescript/4.7', safe file path '/usr/local/lib/node_modules/typescript/lib/typingSafeList.json', types map path /usr/local/lib/node_modules/typescript/lib/typesMap.json
[14:29:13.910] Processing cache location '/home/julio/.cache/typescript/4.7'
[14:29:13.910] Trying to find '/home/julio/.cache/typescript/4.7/package.json'...
[14:29:13.952] Loaded content of '/home/julio/.cache/typescript/4.7/package.json': {"private":true,"dependencies":{"types-registry":"^0.1.648"}}
[14:29:13.952] Loaded content of '/home/julio/.cache/typescript/4.7/package-lock.json'
[14:29:13.952] Finished processing cache location '/home/julio/.cache/typescript/4.7'
[14:29:13.952] Process id: 11273
[14:29:13.952] NPM location: /usr/local/bin/npm (explicit '--npmLocation' not  provided)
[14:29:13.952] validateDefaultNpmLocation: false
[14:29:13.952] Npm config file: /home/julio/.cache/typescript/4.7/package.json
[14:29:13.952] Updating types-registry npm package...
[14:29:13.953] Exec: /usr/local/bin/npm install --ignore-scripts types-registry@latest
[14:29:16.947]     Succeeded. stdout:
    
    changed 1 package, and audited 2 packages in 3s

found 0 vulnerabilities

[14:29:16.947] Updated types-registry npm package
[14:29:17.000] Got install request {"projectName":"/dev/null/inferredProject1*","fileNames":["/usr/local/lib/node_modules/typescript/lib/lib.es5.d.ts","/usr/local/lib/node_modules/typescript/lib/lib.es2015.d.ts","/usr/local/lib/node_modules/typescript/lib/lib.es2016.d.ts","/usr/local/lib/node_modules/typescript/lib/lib.dom.d.ts","/usr/local/lib/node_modules/typescript/lib/lib.dom.iterable.d.ts","/usr/local/lib/node_modules/typescript/lib/lib.webworker.importscripts.d.ts","/usr/local/lib/node_modules/typescript/lib/lib.scripthost.d.ts","/usr/local/lib/node_modules/typescript/lib/lib.es2015.core.d.ts","/usr/local/lib/node_modules/typescript/lib/lib.es2015.collection.d.ts","/usr/local/lib/node_modules/typescript/lib/lib.es2015.generator.d.ts","/usr/local/lib/node_modules/typescript/lib/lib.es2015.iterable.d.ts","/usr/local/lib/node_modules/typescript/lib/lib.es2015.promise.d.ts","/usr/local/lib/node_modules/typescript/lib/lib.es2015.proxy.d.ts","/usr/local/lib/node_modules/typescript/lib/lib.es2015.reflect.d.ts","/usr/local/lib/node_modules/typescript/lib/lib.es2015.symbol.d.ts","/usr/local/lib/node_modules/typescript/lib/lib.es2015.symbol.wellknown.d.ts","/usr/local/lib/node_modules/typescript/lib/lib.es2016.array.include.d.ts","/usr/local/lib/node_modules/typescript/lib/lib.es2016.full.d.ts","/home/julio/Documents/dimari/snowflake.js"],"compilerOptions":{"module":1,"target":3,"jsx":1,"allowJs":true,"allowSyntheticDefaultImports":true,"allowNonTsExtensions":true,"noEmitForJsFiles":true,"maxNodeModuleJsDepth":2},"typeAcquisition":{"enable":true,"include":[],"exclude":[]},"unresolvedImports":[],"projectRootPath":"/home/julio/Documents/dimari","kind":"discover"}
[14:29:17.017] Loaded safelist from types map file '/usr/local/lib/node_modules/typescript/lib/typesMap.json'
[14:29:17.017] Explicitly included types: []
[14:29:17.018] Inferred typings from unresolved imports: []
[14:29:17.018] Result: {"cachedTypingPaths":[],"newTypingNames":[],"filesToWatch":["/home/julio/Documents/dimari/bower_components","/home/julio/Documents/dimari/node_modules"]}
[14:29:17.018] Finished typings discovery: {"cachedTypingPaths":[],"newTypingNames":[],"filesToWatch":["/home/julio/Documents/dimari/bower_components","/home/julio/Documents/dimari/node_modules"]}
[14:29:17.018] DirectoryWatcher:: Added:: WatchInfo: /home/julio/Documents/dimari/bower_components
[14:29:17.019] DirectoryWatcher:: Added:: WatchInfo: /home/julio/Documents/dimari/bower_components 1 undefined Project: /dev/null/inferredProject1* watcher already invoked: false
[14:29:17.020] Elapsed:: 0.9691260000690818ms DirectoryWatcher:: Added:: WatchInfo: /home/julio/Documents/dimari/bower_components 1 undefined Project: /dev/null/inferredProject1* watcher already invoked: false
[14:29:17.020] DirectoryWatcher:: Added:: WatchInfo: /home/julio/Documents/dimari/node_modules
[14:29:17.020] DirectoryWatcher:: Added:: WatchInfo: /home/julio/Documents/dimari/node_modules 1 undefined Project: /dev/null/inferredProject1* watcher already invoked: false
[14:29:17.020] Elapsed:: 0.0715300003066659ms DirectoryWatcher:: Added:: WatchInfo: /home/julio/Documents/dimari/node_modules 1 undefined Project: /dev/null/inferredProject1* watcher already invoked: false
[14:29:17.020] Sending response:
    {"projectName":"/dev/null/inferredProject1*","typeAcquisition":{"enable":true,"include":[],"exclude":[]},"compilerOptions":{"module":1,"target":3,"jsx":1,"allowJs":true,"allowSyntheticDefaultImports":true,"allowNonTsExtensions":true,"noEmitForJsFiles":true,"maxNodeModuleJsDepth":2},"typings":[],"unresolvedImports":[],"kind":"action::set"}
[14:29:17.020] Response has been sent.
[14:29:17.020] No new typings were requested as a result of typings discovery
